Determining if the pthread_create exist failed with the following output:
Change Dir: /home/shehzad/catkin_ws/bosch_drivers/gumstix_memwrite_bma180/build/CMakeFiles/CMakeTmp

Run Build Command:/usr/bin/make "cmTryCompileExec3395718057/fast"
make[1]: Entering directory `/home/shehzad/catkin_ws/bosch_drivers/gumstix_memwrite_bma180/build/CMakeFiles/CMakeTmp'
/usr/bin/make -f CMakeFiles/cmTryCompileExec3395718057.dir/build.make CMakeFiles/cmTryCompileExec3395718057.dir/build
make[2]: Entering directory `/home/shehzad/catkin_ws/bosch_drivers/gumstix_memwrite_bma180/build/CMakeFiles/CMakeTmp'
/usr/bin/cmake -E cmake_progress_report /home/shehzad/catkin_ws/bosch_drivers/gumstix_memwrite_bma180/build/CMakeFiles/CMakeTmp/CMakeFiles 1
Building C object CMakeFiles/cmTryCompileExec3395718057.dir/CheckSymbolExists.c.o
/usr/bin/gcc    -o CMakeFiles/cmTryCompileExec3395718057.dir/CheckSymbolExists.c.o   -c /home/shehzad/catkin_ws/bosch_drivers/gumstix_memwrite_bma180/build/CMakeFiles/CMakeTmp/CheckSymbolExists.c
Linking C executable cmTryCompileExec3395718057
/usr/bin/cmake -E cmake_link_script CMakeFiles/cmTryCompileExec3395718057.dir/link.txt --verbose=1
/usr/bin/gcc         CMakeFiles/cmTryCompileExec3395718057.dir/CheckSymbolExists.c.o  -o cmTryCompileExec3395718057 -rdynamic 
CMakeFiles/cmTryCompileExec3395718057.dir/CheckSymbolExists.c.o: In function `main':
CheckSymbolExists.c:(.text+0xa): undefined reference to `pthread_create'
collect2: error: ld returned 1 exit status
make[2]: *** [cmTryCompileExec3395718057] Error 1
make[2]: Leaving directory `/home/shehzad/catkin_ws/bosch_drivers/gumstix_memwrite_bma180/build/CMakeFiles/CMakeTmp'
make[1]: Leaving directory `/home/shehzad/catkin_ws/bosch_drivers/gumstix_memwrite_bma180/build/CMakeFiles/CMakeTmp'
make[1]: *** [cmTryCompileExec3395718057/fast] Error 2

File /home/shehzad/catkin_ws/bosch_drivers/gumstix_memwrite_bma180/build/CMakeFiles/CMakeTmp/CheckSymbolExists.c:
/* */
#include <pthread.h>

int main(int argc, char** argv)
{
  (void)argv;
#ifndef pthread_create
  return ((int*)(&pthread_create))[argc];
#else
  (void)argc;
  return 0;
#endif
}

Determining if the function pthread_create exists in the pthreads failed with the following output:
Change Dir: /home/shehzad/catkin_ws/bosch_drivers/gumstix_memwrite_bma180/build/CMakeFiles/CMakeTmp

Run Build Command:/usr/bin/make "cmTryCompileExec3386887971/fast"
make[1]: Entering directory `/home/shehzad/catkin_ws/bosch_drivers/gumstix_memwrite_bma180/build/CMakeFiles/CMakeTmp'
/usr/bin/make -f CMakeFiles/cmTryCompileExec3386887971.dir/build.make CMakeFiles/cmTryCompileExec3386887971.dir/build
make[2]: Entering directory `/home/shehzad/catkin_ws/bosch_drivers/gumstix_memwrite_bma180/build/CMakeFiles/CMakeTmp'
/usr/bin/cmake -E cmake_progress_report /home/shehzad/catkin_ws/bosch_drivers/gumstix_memwrite_bma180/build/CMakeFiles/CMakeTmp/CMakeFiles 1
Building C object CMakeFiles/cmTryCompileExec3386887971.dir/CheckFunctionExists.c.o
/usr/bin/gcc   -DCHECK_FUNCTION_EXISTS=pthread_create   -o CMakeFiles/cmTryCompileExec3386887971.dir/CheckFunctionExists.c.o   -c /usr/share/cmake-2.8/Modules/CheckFunctionExists.c
Linking C executable cmTryCompileExec3386887971
/usr/bin/cmake -E cmake_link_script CMakeFiles/cmTryCompileExec3386887971.dir/link.txt --verbose=1
/usr/bin/gcc     -DCHECK_FUNCTION_EXISTS=pthread_create    CMakeFiles/cmTryCompileExec3386887971.dir/CheckFunctionExists.c.o  -o cmTryCompileExec3386887971 -rdynamic -lpthreads 
/usr/bin/ld: cannot find -lpthreads
collect2: error: ld returned 1 exit status
make[2]: Leaving directory `/home/shehzad/catkin_ws/bosch_drivers/gumstix_memwrite_bma180/build/CMakeFiles/CMakeTmp'
make[2]: *** [cmTryCompileExec3386887971] Error 1
make[1]: *** [cmTryCompileExec3386887971/fast] Error 2
make[1]: Leaving directory `/home/shehzad/catkin_ws/bosch_drivers/gumstix_memwrite_bma180/build/CMakeFiles/CMakeTmp'


